<html>
<body>
<pre>
<h1>Vision Build Log</h1>
<h2>Tool Versions:</h2>
IDE-Version: μVision V5.20.0.0
Copyright (C) 2016 ARM Ltd and ARM Germany GmbH. All rights reserved.
License Information: aa Microsoft, Microsoft, LIC=HF8TG-VEY4Y-ILZCB-2LC9W-F98MF-79GIE
 
Tool Versions:
Toolchain:       MDK-ARM Professional  Version: 5.20
Toolchain Path:  D:\Keil_v5\ARM\ARMCC\Bin
C Compiler:      Armcc.exe V5.06 update 2 (build 183)
Assembler:       Armasm.exe V5.06 update 2 (build 183)
Linker/Locator:  ArmLink.exe V5.06 update 2 (build 183)
Library Manager: ArmAr.exe V5.06 update 2 (build 183)
Hex Converter:   FromElf.exe V5.06 update 2 (build 183)
CPU DLL:         SARMCM3.DLL V5.20
Dialog DLL:      DCM.DLL V1.13.7.0
Target DLL:      STLink\ST-LINKIII-KEIL_SWO.dll V2.0.18.0
Dialog DLL:      TCM.DLL V1.14.9.0
 
<h2>Project:</h2>
E:\work\外包\聚德\xipp_project_mcu\v3\4-下半身\a.uvprojx
Project File Date:  11/07/2018

<h2>Output:</h2>
*** Using Compiler 'V5.06 update 2 (build 183)', folder: 'D:\Keil_v5\ARM\ARMCC\Bin'
Build target 'Target 1'
compiling main.c...
user\main.c(120): error:  #20: identifier "pdxbPooPoo" is undefined
  		pdxbPooPoo=dxbPooPoo;
user\main.c(120): error:  #20: identifier "dxbPooPoo" is undefined
  		pdxbPooPoo=dxbPooPoo;
user\main.c(121): error:  #20: identifier "pdxbXuXu" is undefined
  		pdxbXuXu=dxbXuXu;
user\main.c(121): error:  #20: identifier "dxbXuXu" is undefined
  		pdxbXuXu=dxbXuXu;
user\main.c(136): error:  #20: identifier "ppxxStep" is undefined
  					ppxxStep=0;
user\main.c(137): error:  #20: identifier "isCleanRuning" is undefined
  					if(!isCleanRuning && 0==g_cCleanCurrentSence)
user\main.c(137): error:  #20: identifier "g_cCleanCurrentSence" is undefined
  					if(!isCleanRuning && 0==g_cCleanCurrentSence)
user\main.c(139): warning:  #223-D: function "aurtEventBtn" declared implicitly
  							aurtEventBtn(1);
user\main.c(148): warning:  #223-D: function "allOutClose" declared implicitly
  							allOutClose();
user\main.c(149): warning:  #223-D: function "aurtEventBtn" declared implicitly
  							aurtEventBtn(0);
user\main.c(166): error:  #20: identifier "ppxxStep" is undefined
  					ppxxStep=0;
user\main.c(167): error:  #20: identifier "isCleanRuning" is undefined
  					if(!isCleanRuning && 0==g_cCleanCurrentSence)
user\main.c(167): error:  #20: identifier "g_cCleanCurrentSence" is undefined
  					if(!isCleanRuning && 0==g_cCleanCurrentSence)
user\main.c(169): warning:  #223-D: function "aurtEventBtn" declared implicitly
  							aurtEventBtn(2);
user\main.c(178): warning:  #223-D: function "allOutClose" declared implicitly
  							allOutClose();
user\main.c(179): warning:  #223-D: function "aurtEventBtn" declared implicitly
  							aurtEventBtn(0);
user\main.c(196): error:  #20: identifier "ppxxStep" is undefined
  					ppxxStep=0;
user\main.c(197): error:  #20: identifier "isCleanRuning" is undefined
  					if(!isCleanRuning && 0==g_cCleanCurrentSence)
user\main.c(197): error:  #20: identifier "g_cCleanCurrentSence" is undefined
  					if(!isCleanRuning && 0==g_cCleanCurrentSence)
user\main.c(199): warning:  #223-D: function "aurtEventBtn" declared implicitly
  							aurtEventBtn(3);
user\main.c(207): warning:  #223-D: function "allOutClose" declared implicitly
  							allOutClose();
user\main.c(208): warning:  #223-D: function "aurtEventBtn" declared implicitly
  							aurtEventBtn(0);
user\main.c(225): error:  #20: identifier "ppxxStep" is undefined
  					ppxxStep=0;
user\main.c(226): error:  #20: identifier "isCleanRuning" is undefined
  					if(!isCleanRuning && 0==g_cCleanCurrentSence)
user\main.c(226): error:  #20: identifier "g_cCleanCurrentSence" is undefined
  					if(!isCleanRuning && 0==g_cCleanCurrentSence)
user\main.c(228): warning:  #223-D: function "aurtEventBtn" declared implicitly
  							aurtEventBtn(4);
user\main.c(236): warning:  #223-D: function "allOutClose" declared implicitly
  							allOutClose();
user\main.c(237): warning:  #223-D: function "aurtEventBtn" declared implicitly
  							aurtEventBtn(0);
user\main.c(255): error:  #20: identifier "ppxxStep" is undefined
  						ppxxStep=0;
user\main.c(256): warning:  #223-D: function "aurtEventBtn" declared implicitly
  						aurtEventBtn(5);
user\main.c(257): error:  #20: identifier "g_cCleanCurrentSence" is undefined
  						g_cCleanCurrentSence=ezhCleanSence7;
user\main.c(258): error:  #20: identifier "isCleanRuning" is undefined
  						isCleanRuning=1;
user\main.c(259): error:  #20: identifier "anmiCurrentState" is undefined
  						anmiCurrentState=!anmiCurrentState;
user\main.c(276): error:  #20: identifier "ppxxStep" is undefined
  						ppxxStep=0;
user\main.c(277): warning:  #223-D: function "aurtEventBtn" declared implicitly
  						aurtEventBtn(6);
user\main.c(278): error:  #20: identifier "g_cCleanCurrentSence" is undefined
  						g_cCleanCurrentSence=ezhCleanSence8;
user\main.c(279): error:  #20: identifier "isCleanRuning" is undefined
  						isCleanRuning=1;
user\main.c(280): error:  #20: identifier "baonianCurrentState" is undefined
  						baonianCurrentState=!baonianCurrentState;
user\main.c(298): error:  #20: identifier "ppxxStep" is undefined
  					ppxxStep=0;
user\main.c(299): warning:  #223-D: function "aurtEventBtn" declared implicitly
  					aurtEventBtn(7);
user\main.c(315): error:  #20: identifier "ppxxStep" is undefined
  					ppxxStep=0;
user\main.c(316): warning:  #223-D: function "aurtEventBtn" declared implicitly
  					aurtEventBtn(8);
user\main.c(327): error:  #20: identifier "rXuxuDD" is undefined
  						rXuxuDD++;
user\main.c(330): error:  #20: identifier "g_cCleanCurrentSence" is undefined
  								if(0==g_cCleanCurrentSence && g_isAutomation)
user\main.c(330): error:  #20: identifier "g_isAutomation" is undefined
  								if(0==g_cCleanCurrentSence && g_isAutomation)
user\main.c(332): warning:  #223-D: function "aurtEventBtn" declared implicitly
  									aurtEventBtn(0x50);
user\main.c(333): error:  #20: identifier "ppxxStep" is undefined
  									ppxxStep=0;
user\main.c: 17 warnings, 30 errors
".\Objects\Xipp_MCU1_V2.axf" - 30 Error(s), 17 Warning(s).

<h2>Software Packages used:</h2>

Package Vendor: ARM
                http://www.keil.com/pack/ARM.CMSIS.4.5.0.pack
                ARM::CMSIS:CORE:4.3.0
                CMSIS (Cortex Microcontroller Software Interface Standard)
   * Component: CORE Version: 4.3.0

Package Vendor: Keil
                http://www.keil.com/pack/Keil.STM32F1xx_DFP.2.2.0.pack
                Keil::Device:Startup:1.0.0
                STMicroelectronics STM32F1 Series Device Support, Drivers and Examples
   * Component: Startup Version: 1.0.0

<h2>Collection of Component include folders:</h2>
  E:\work\外包\聚德\xipp_project_mcu\v3\4-下半身\RTE
  E:\work\外包\聚德\xipp_project_mcu\v3\4-下半身\RTE\Device\STM32F105VC
  D:\Keil_v5\ARM\PACK\ARM\CMSIS\4.5.0\CMSIS\Include
  D:\Keil_v5\ARM\PACK\Keil\STM32F1xx_DFP\2.2.0\Device\Include

<h2>Collection of Component Files used:</h2>

   * Component: ARM::CMSIS:CORE:4.3.0

   * Component: Keil::Device:Startup:1.0.0
      Source file:   Device\Source\ARM\STM32F1xx_OPT.s
      Source file:   Device\Source\ARM\startup_stm32f10x_cl.s
      Source file:   Device\Source\system_stm32f10x.c
      Include file:  RTE_Driver\Config\RTE_Device.h
Target not created.
Build Time Elapsed:  00:00:01
</pre>
</body>
</html>
